# JRE version: Java(TM) SE Runtime Environment (8.0_31-b13) (build 1.8.0_31-b13)
# Java VM: Java HotSpot(TM) 64-Bit Server VM (25.31-b07 mixed mode linux-amd64 compressed oops)
Heap:
 PSYoungGen      total 208896K, used 182099K [0x00000000ed580000, 0x00000000fee00000, 0x0000000100000000)
  eden space 182272K, 88% used [0x00000000ed580000,0x00000000f730fc00,0x00000000f8780000)
  from space 26624K, 77% used [0x00000000f8780000,0x00000000f9bc51b8,0x00000000fa180000)
  to   space 29184K, 0% used [0x00000000fd180000,0x00000000fd180000,0x00000000fee00000)
 ParOldGen       total 101888K, used 53446K [0x00000000c8000000, 0x00000000ce380000, 0x00000000ed580000)
  object space 101888K, 52% used [0x00000000c8000000,0x00000000cb4319d0,0x00000000ce380000)
 Metaspace       used 47945K, capacity 51044K, committed 51456K, reserved 1093632K
  class space    used 6582K, capacity 7584K, committed 7680K, reserved 1048576K
GC Heap History (10 events):
Event: 5,516 GC heap before
{Heap before GC invocations=9 (full 1):
 PSYoungGen      total 105472K, used 101931K [0x00000000ed580000, 0x00000000f7600000, 0x0000000100000000)
  eden space 98304K, 100% used [0x00000000ed580000,0x00000000f3580000,0x00000000f3580000)
  from space 7168K, 50% used [0x00000000f3580000,0x00000000f390ac98,0x00000000f3c80000)
  to   space 7168K, 0% used [0x00000000f6f00000,0x00000000f6f00000,0x00000000f7600000)
 ParOldGen       total 65536K, used 10354K [0x00000000c8000000, 0x00000000cc000000, 0x00000000ed580000)
  object space 65536K, 15% used [0x00000000c8000000,0x00000000c8a1ca00,0x00000000cc000000)
 Metaspace       used 26679K, capacity 27916K, committed 28160K, reserved 1073152K
  class space    used 3153K, capacity 3513K, committed 3584K, reserved 1048576K
Event: 5,543 GC heap after
Heap after GC invocations=9 (full 1):
 PSYoungGen      total 157184K, used 5333K [0x00000000ed580000, 0x00000000f7600000, 0x0000000100000000)
  eden space 150016K, 0% used [0x00000000ed580000,0x00000000ed580000,0x00000000f6800000)
  from space 7168K, 74% used [0x00000000f6f00000,0x00000000f74354f8,0x00000000f7600000)
  to   space 7168K, 0% used [0x00000000f6800000,0x00000000f6800000,0x00000000f6f00000)
 ParOldGen       total 65536K, used 28587K [0x00000000c8000000, 0x00000000cc000000, 0x00000000ed580000)
  object space 65536K, 43% used [0x00000000c8000000,0x00000000c9beae30,0x00000000cc000000)
 Metaspace       used 26679K, capacity 27916K, committed 28160K, reserved 1073152K
  class space    used 3153K, capacity 3513K, committed 3584K, reserved 1048576K
}
Event: 8,034 GC heap before
{Heap before GC invocations=10 (full 1):
 PSYoungGen      total 157184K, used 155349K [0x00000000ed580000, 0x00000000f7600000, 0x0000000100000000)
  eden space 150016K, 100% used [0x00000000ed580000,0x00000000f6800000,0x00000000f6800000)
  from space 7168K, 74% used [0x00000000f6f00000,0x00000000f74354f8,0x00000000f7600000)
  to   space 7168K, 0% used [0x00000000f6800000,0x00000000f6800000,0x00000000f6f00000)
 ParOldGen       total 65536K, used 28587K [0x00000000c8000000, 0x00000000cc000000, 0x00000000ed580000)
  object space 65536K, 43% used [0x00000000c8000000,0x00000000c9beae30,0x00000000cc000000)
 Metaspace       used 32240K, capacity 33598K, committed 33920K, reserved 1079296K
  class space    used 4056K, capacity 4425K, committed 4480K, reserved 1048576K
Event: 8,050 GC heap after
Heap after GC invocations=10 (full 1):
 PSYoungGen      total 157184K, used 7160K [0x00000000ed580000, 0x00000000fb200000, 0x0000000100000000)
  eden space 150016K, 0% used [0x00000000ed580000,0x00000000ed580000,0x00000000f6800000)
  from space 7168K, 99% used [0x00000000f6800000,0x00000000f6efe360,0x00000000f6f00000)
  to   space 16896K, 0% used [0x00000000fa180000,0x00000000fa180000,0x00000000fb200000)
 ParOldGen       total 65536K, used 51775K [0x00000000c8000000, 0x00000000cc000000, 0x00000000ed580000)
  object space 65536K, 79% used [0x00000000c8000000,0x00000000cb28fd88,0x00000000cc000000)
 Metaspace       used 32240K, capacity 33598K, committed 33920K, reserved 1079296K
  class space    used 4056K, capacity 4425K, committed 4480K, reserved 1048576K
}
Event: 8,050 GC heap before
{Heap before GC invocations=11 (full 2):
 PSYoungGen      total 157184K, used 7160K [0x00000000ed580000, 0x00000000fb200000, 0x0000000100000000)
  eden space 150016K, 0% used [0x00000000ed580000,0x00000000ed580000,0x00000000f6800000)
  from space 7168K, 99% used [0x00000000f6800000,0x00000000f6efe360,0x00000000f6f00000)
  to   space 16896K, 0% used [0x00000000fa180000,0x00000000fa180000,0x00000000fb200000)
 ParOldGen       total 65536K, used 51775K [0x00000000c8000000, 0x00000000cc000000, 0x00000000ed580000)
  object space 65536K, 79% used [0x00000000c8000000,0x00000000cb28fd88,0x00000000cc000000)
 Metaspace       used 32240K, capacity 33598K, committed 33920K, reserved 1079296K
  class space    used 4056K, capacity 4425K, committed 4480K, reserved 1048576K
Event: 8,110 GC heap after
Heap after GC invocations=11 (full 2):
 PSYoungGen      total 157184K, used 0K [0x00000000ed580000, 0x00000000fb200000, 0x0000000100000000)
  eden space 150016K, 0% used [0x00000000ed580000,0x00000000ed580000,0x00000000f6800000)
  from space 7168K, 0% used [0x00000000f6800000,0x00000000f6800000,0x00000000f6f00000)
  to   space 16896K, 0% used [0x00000000fa180000,0x00000000fa180000,0x00000000fb200000)
 ParOldGen       total 101888K, used 33508K [0x00000000c8000000, 0x00000000ce380000, 0x00000000ed580000)
  object space 101888K, 32% used [0x00000000c8000000,0x00000000ca0b9370,0x00000000ce380000)
 Metaspace       used 32240K, capacity 33598K, committed 33920K, reserved 1079296K
  class space    used 4056K, capacity 4425K, committed 4480K, reserved 1048576K
}
Event: 11,272 GC heap before
{Heap before GC invocations=12 (full 2):
 PSYoungGen      total 157184K, used 149271K [0x00000000ed580000, 0x00000000fb200000, 0x0000000100000000)
  eden space 150016K, 99% used [0x00000000ed580000,0x00000000f6745f88,0x00000000f6800000)
  from space 7168K, 0% used [0x00000000f6800000,0x00000000f6800000,0x00000000f6f00000)
  to   space 16896K, 0% used [0x00000000fa180000,0x00000000fa180000,0x00000000fb200000)
 ParOldGen       total 101888K, used 33508K [0x00000000c8000000, 0x00000000ce380000, 0x00000000ed580000)
  object space 101888K, 32% used [0x00000000c8000000,0x00000000ca0b9370,0x00000000ce380000)
 Metaspace       used 44068K, capacity 46968K, committed 47360K, reserved 1089536K
  class space    used 6229K, capacity 7099K, committed 7168K, reserved 1048576K
Event: 11,291 GC heap after
Heap after GC invocations=12 (full 2):
 PSYoungGen      total 199168K, used 16873K [0x00000000ed580000, 0x00000000fc800000, 0x0000000100000000)
  eden space 182272K, 0% used [0x00000000ed580000,0x00000000ed580000,0x00000000f8780000)
  from space 16896K, 99% used [0x00000000fa180000,0x00000000fb1fa4a8,0x00000000fb200000)
  to   space 26624K, 0% used [0x00000000f8780000,0x00000000f8780000,0x00000000fa180000)
 ParOldGen       total 101888K, used 53438K [0x00000000c8000000, 0x00000000ce380000, 0x00000000ed580000)
  object space 101888K, 52% used [0x00000000c8000000,0x00000000cb42f9d0,0x00000000ce380000)
 Metaspace       used 44068K, capacity 46968K, committed 47360K, reserved 1089536K
  class space    used 6229K, capacity 7099K, committed 7168K, reserved 1048576K
}
Event: 66,167 GC heap before
{Heap before GC invocations=13 (full 2):
 PSYoungGen      total 199168K, used 199145K [0x00000000ed580000, 0x00000000fc800000, 0x0000000100000000)
  eden space 182272K, 100% used [0x00000000ed580000,0x00000000f8780000,0x00000000f8780000)
  from space 16896K, 99% used [0x00000000fa180000,0x00000000fb1fa4a8,0x00000000fb200000)
  to   space 26624K, 0% used [0x00000000f8780000,0x00000000f8780000,0x00000000fa180000)
 ParOldGen       total 101888K, used 53438K [0x00000000c8000000, 0x00000000ce380000, 0x00000000ed580000)
  object space 101888K, 52% used [0x00000000c8000000,0x00000000cb42f9d0,0x00000000ce380000)
 Metaspace       used 46929K, capacity 49976K, committed 50304K, reserved 1091584K
  class space    used 6528K, capacity 7448K, committed 7552K, reserved 1048576K
Event: 66,187 GC heap after
Heap after GC invocations=13 (full 2):
 PSYoungGen      total 208896K, used 20756K [0x00000000ed580000, 0x00000000fee00000, 0x0000000100000000)
  eden space 182272K, 0% used [0x00000000ed580000,0x00000000ed580000,0x00000000f8780000)
  from space 26624K, 77% used [0x00000000f8780000,0x00000000f9bc51b8,0x00000000fa180000)
  to   space 29184K, 0% used [0x00000000fd180000,0x00000000fd180000,0x00000000fee00000)
 ParOldGen       total 101888K, used 53446K [0x00000000c8000000, 0x00000000ce380000, 0x00000000ed580000)
  object space 101888K, 52% used [0x00000000c8000000,0x00000000cb4319d0,0x00000000ce380000)
 Metaspace       used 46929K, capacity 49976K, committed 50304K, reserved 1091584K
  class space    used 6528K, capacity 7448K, committed 7552K, reserved 1048576K
}

